{"meta": {"version": "7.4.0", "timestamp": "2024-06-16T09:27:05.141084", "branch_coverage": false, "show_contexts": false}, "files": {"cvx/dog/__init__.py": {"executed_lines": [], "summary": {"covered_lines": 0, "num_statements": 0, "percent_covered": 100.0, "percent_covered_display": "100", "missing_lines": 0, "excluded_lines": 0}, "missing_lines": [], "excluded_lines": []}, "cvx/dog/demo.py": {"executed_lines": [], "summary": {"covered_lines": 0, "num_statements": 9, "percent_covered": 0.0, "percent_covered_display": "0", "missing_lines": 9, "excluded_lines": 0}, "missing_lines": [6, 9, 10, 11, 12, 14, 16, 17, 19], "excluded_lines": []}}, "totals": {"covered_lines": 0, "num_statements": 9, "percent_covered": 0.0, "percent_covered_display": "0", "missing_lines": 9, "excluded_lines": 0}}